[2024-05-13T08:09:48.566+0000] {taskinstance.py:1157} INFO - Dependencies all met for dep_context=non-requeueable deps ti=<TaskInstance: Sasrec_model_DAG.preprocess_data manual__2024-05-13T08:09:43.049301+00:00 [queued]>
[2024-05-13T08:09:48.574+0000] {taskinstance.py:1157} INFO - Dependencies all met for dep_context=requeueable deps ti=<TaskInstance: Sasrec_model_DAG.preprocess_data manual__2024-05-13T08:09:43.049301+00:00 [queued]>
[2024-05-13T08:09:48.574+0000] {taskinstance.py:1359} INFO - Starting attempt 1 of 1
[2024-05-13T08:09:48.586+0000] {taskinstance.py:1380} INFO - Executing <Task(_PythonDecoratedOperator): preprocess_data> on 2024-05-13 08:09:43.049301+00:00
[2024-05-13T08:09:48.599+0000] {standard_task_runner.py:57} INFO - Started process 176 to run task
[2024-05-13T08:09:48.603+0000] {standard_task_runner.py:84} INFO - Running: ['***', 'tasks', 'run', 'Sasrec_model_DAG', 'preprocess_data', 'manual__2024-05-13T08:09:43.049301+00:00', '--job-id', '3', '--raw', '--subdir', 'DAGS_FOLDER/sasrec_dag.py', '--cfg-path', '/tmp/tmpgafp_05c']
[2024-05-13T08:09:48.606+0000] {standard_task_runner.py:85} INFO - Job 3: Subtask preprocess_data
[2024-05-13T08:09:48.644+0000] {task_command.py:415} INFO - Running <TaskInstance: Sasrec_model_DAG.preprocess_data manual__2024-05-13T08:09:43.049301+00:00 [running]> on host b24423c9635c
[2024-05-13T08:09:48.700+0000] {taskinstance.py:1660} INFO - Exporting env vars: AIRFLOW_CTX_DAG_OWNER='***' AIRFLOW_CTX_DAG_ID='Sasrec_model_DAG' AIRFLOW_CTX_TASK_ID='preprocess_data' AIRFLOW_CTX_EXECUTION_DATE='2024-05-13T08:09:43.049301+00:00' AIRFLOW_CTX_TRY_NUMBER='1' AIRFLOW_CTX_DAG_RUN_ID='manual__2024-05-13T08:09:43.049301+00:00'
[2024-05-13T08:09:48.705+0000] {movielens.py:124} INFO - Downloading ml-100k from grouplens...
[2024-05-13T08:09:48.706+0000] {logging_mixin.py:151} WARNING - 0.00B [00:00, ?B/s]
[2024-05-13T08:09:49.150+0000] {logging_mixin.py:151} WARNING -   0%|          | 8.19k/4.92M [00:00<04:25, 18.5kB/s]
[2024-05-13T08:09:49.294+0000] {logging_mixin.py:151} WARNING -   0%|          | 24.6k/4.92M [00:00<01:40, 48.7kB/s]
[2024-05-13T08:09:49.439+0000] {logging_mixin.py:151} WARNING -   1%|1         | 57.3k/4.92M [00:00<00:46, 104kB/s] 
[2024-05-13T08:09:49.584+0000] {logging_mixin.py:151} WARNING -   2%|2         | 115k/4.92M [00:00<00:24, 194kB/s] 
[2024-05-13T08:09:49.728+0000] {logging_mixin.py:151} WARNING -   5%|4         | 229k/4.92M [00:01<00:12, 378kB/s]
[2024-05-13T08:09:49.873+0000] {logging_mixin.py:151} WARNING -   9%|9         | 459k/4.92M [00:01<00:05, 745kB/s]
[2024-05-13T08:09:50.017+0000] {logging_mixin.py:151} WARNING -  18%|#8        | 909k/4.92M [00:01<00:02, 1.46MB/s]
[2024-05-13T08:09:50.162+0000] {logging_mixin.py:151} WARNING -  37%|###6      | 1.82M/4.92M [00:01<00:01, 2.92MB/s]
[2024-05-13T08:09:50.306+0000] {logging_mixin.py:151} WARNING -  74%|#######3  | 3.63M/4.92M [00:01<00:00, 5.81MB/s]
[2024-05-13T08:09:50.321+0000] {logging_mixin.py:151} WARNING - 4.94MB [00:01, 3.06MB/s]                            
[2024-05-13T08:09:50.435+0000] {sasrec_dag.py:116} INFO -        user_id  item_id  rating  timestamp
0          196      242       3  881250949
1          186      302       3  891717742
2           22      377       1  878887116
3          244       51       2  880606923
4          166      346       1  886397596
...        ...      ...     ...        ...
99995      880      476       3  880175444
99996      716      204       5  879795543
99997      276     1090       1  874795795
99998       13      225       2  882399156
99999       12      203       3  879959583

[100000 rows x 4 columns]
[2024-05-13T08:09:50.503+0000] {python.py:194} INFO - Done. Returned value was: True
[2024-05-13T08:09:50.523+0000] {taskinstance.py:1398} INFO - Marking task as SUCCESS. dag_id=Sasrec_model_DAG, task_id=preprocess_data, execution_date=20240513T080943, start_date=20240513T080948, end_date=20240513T080950
[2024-05-13T08:09:50.577+0000] {local_task_job_runner.py:228} INFO - Task exited with return code 0
[2024-05-13T08:09:50.602+0000] {taskinstance.py:2776} INFO - 1 downstream tasks scheduled from follow-on schedule check
