[2024-05-13T07:59:14.645+0000] {taskinstance.py:1157} INFO - Dependencies all met for dep_context=non-requeueable deps ti=<TaskInstance: Sasrec_model_DAG.preprocess_data manual__2024-05-13T07:15:32.708775+00:00 [queued]>
[2024-05-13T07:59:14.651+0000] {taskinstance.py:1157} INFO - Dependencies all met for dep_context=requeueable deps ti=<TaskInstance: Sasrec_model_DAG.preprocess_data manual__2024-05-13T07:15:32.708775+00:00 [queued]>
[2024-05-13T07:59:14.652+0000] {taskinstance.py:1359} INFO - Starting attempt 2 of 2
[2024-05-13T07:59:14.662+0000] {taskinstance.py:1380} INFO - Executing <Task(_PythonDecoratedOperator): preprocess_data> on 2024-05-13 07:15:32.708775+00:00
[2024-05-13T07:59:14.674+0000] {standard_task_runner.py:57} INFO - Started process 1653 to run task
[2024-05-13T07:59:14.677+0000] {standard_task_runner.py:84} INFO - Running: ['***', 'tasks', 'run', 'Sasrec_model_DAG', 'preprocess_data', 'manual__2024-05-13T07:15:32.708775+00:00', '--job-id', '10', '--raw', '--subdir', 'DAGS_FOLDER/sasrec_dag.py', '--cfg-path', '/tmp/tmpfc4uzr2n']
[2024-05-13T07:59:14.680+0000] {standard_task_runner.py:85} INFO - Job 10: Subtask preprocess_data
[2024-05-13T07:59:14.715+0000] {task_command.py:415} INFO - Running <TaskInstance: Sasrec_model_DAG.preprocess_data manual__2024-05-13T07:15:32.708775+00:00 [running]> on host a7d11f6dcbcd
[2024-05-13T07:59:14.775+0000] {taskinstance.py:1660} INFO - Exporting env vars: AIRFLOW_CTX_DAG_OWNER='***' AIRFLOW_CTX_DAG_ID='Sasrec_model_DAG' AIRFLOW_CTX_TASK_ID='preprocess_data' AIRFLOW_CTX_EXECUTION_DATE='2024-05-13T07:15:32.708775+00:00' AIRFLOW_CTX_TRY_NUMBER='2' AIRFLOW_CTX_DAG_RUN_ID='manual__2024-05-13T07:15:32.708775+00:00'
[2024-05-13T07:59:14.799+0000] {sasrec_dag.py:116} INFO -        user_id  item_id  rating  timestamp
0          196      242       3  881250949
1          186      302       3  891717742
2           22      377       1  878887116
3          244       51       2  880606923
4          166      346       1  886397596
...        ...      ...     ...        ...
99995      880      476       3  880175444
99996      716      204       5  879795543
99997      276     1090       1  874795795
99998       13      225       2  882399156
99999       12      203       3  879959583

[100000 rows x 4 columns]
[2024-05-13T07:59:14.868+0000] {python.py:194} INFO - Done. Returned value was: True
[2024-05-13T07:59:14.888+0000] {taskinstance.py:1398} INFO - Marking task as SUCCESS. dag_id=Sasrec_model_DAG, task_id=preprocess_data, execution_date=20240513T071532, start_date=20240513T075914, end_date=20240513T075914
[2024-05-13T07:59:14.928+0000] {local_task_job_runner.py:228} INFO - Task exited with return code 0
[2024-05-13T07:59:14.952+0000] {taskinstance.py:2776} INFO - 1 downstream tasks scheduled from follow-on schedule check
